Build started 03/06/2021 10:25:24 PM.
     1>Project "D:\hoc\OOP\Chess_Cplusplus_Console_OOP\Chess\Chess.vcxproj" on node 2 (build target(s)).
     1>InitializeBuildStatus:
         Creating "Debug\Chess.unsuccessfulbuild" because "AlwaysCreate" was specified.
       ClCompile:
         C:\Program Files (x86)\Microsoft Visual Studio 10.0\VC\bin\CL.exe /c /ZI /nologo /W3 /WX- /Od /Oy- /D _MBCS /Gm /EHsc /RTC1 /MDd /GS /fp:precise /Zc:wchar_t /Zc:forScope /Fo"Debug\\" /Fd"Debug\vc100.pdb" /Gd /TP /analyze- /errorReport:prompt Board.cpp King.cpp main.cpp Piece.cpp Pos.cpp Rock.cpp
         Rock.cpp
         Pos.cpp
         Piece.cpp
         main.cpp
         King.cpp
         Board.cpp
         Generating Code...
       Link:
         C:\Program Files (x86)\Microsoft Visual Studio 10.0\VC\bin\link.exe /ERRORREPORT:PROMPT /OUT:"D:\hoc\OOP\Chess_Cplusplus_Console_OOP\Chess\Debug\Chess.exe" /NOLOGO kernel32.lib user32.lib gdi32.lib winspool.lib comdlg32.lib advapi32.lib shell32.lib ole32.lib oleaut32.lib uuid.lib odbc32.lib odbccp32.lib /MANIFEST /ManifestFile:"Debug\Chess.exe.intermediate.manifest" /MANIFESTUAC:"level='asInvoker' uiAccess='false'" /DEBUG /PDB:"D:\hoc\OOP\Chess_Cplusplus_Console_OOP\Chess\Debug\Chess.pdb" /TLBID:1 /DYNAMICBASE /NXCOMPAT /IMPLIB:"D:\hoc\OOP\Chess_Cplusplus_Console_OOP\Chess\Debug\Chess.lib" /MACHINE:X86 Debug\Board.obj
         Debug\King.obj
         Debug\main.obj
         Debug\Piece.obj
         Debug\Pos.obj
         Debug\Rock.obj
         LINK : D:\hoc\OOP\Chess_Cplusplus_Console_OOP\Chess\Debug\Chess.exe not found or not built by the last incremental link; performing full link
         Chess.vcxproj -> D:\hoc\OOP\Chess_Cplusplus_Console_OOP\Chess\Debug\Chess.exe
       Manifest:
         C:\Program Files (x86)\Microsoft SDKs\Windows\v7.0A\bin\mt.exe /nologo /verbose /outputresource:"D:\hoc\OOP\Chess_Cplusplus_Console_OOP\Chess\Debug\Chess.exe;#1" /manifest Debug\Chess.exe.intermediate.manifest
       FinalizeBuildStatus:
         Deleting file "Debug\Chess.unsuccessfulbuild".
         Touching "Debug\Chess.lastbuildstate".
     1>Done Building Project "D:\hoc\OOP\Chess_Cplusplus_Console_OOP\Chess\Chess.vcxproj" (build target(s)).

Build succeeded.

Time Elapsed 00:00:06.79
